18:18:26.429 [main] INFO  testBase.BaseClass - ***test case TC001_AccRegistrationTest....started***
18:18:28.079 [main] INFO  testBase.BaseClass - ..customer details...
18:18:30.314 [main] INFO  testBase.BaseClass - ..Click continue button**
18:18:30.315 [main] INFO  testBase.BaseClass - ..Validating message...
18:18:30.436 [main] DEBUG testBase.BaseClass - debug logs...
18:18:30.436 [main] ERROR testBase.BaseClass - error logs...
18:23:41.689 [main] INFO  testBase.BaseClass - ***test case TC001_AccRegistrationTest....started***
18:23:42.047 [main] INFO  testBase.BaseClass - ..click my account..
18:23:43.071 [main] INFO  testBase.BaseClass - ..click register..
18:23:43.077 [main] INFO  testBase.BaseClass - ..customer details..
18:23:45.342 [main] INFO  testBase.BaseClass - ..Click continue button**
18:23:45.342 [main] INFO  testBase.BaseClass - ..Validating message...
18:23:45.416 [main] DEBUG testBase.BaseClass - debug logs...
18:23:45.416 [main] ERROR testBase.BaseClass - error logs...
18:25:24.829 [main] INFO  testBase.BaseClass - ***test case TC001_AccRegistrationTest....started***
18:25:25.108 [main] INFO  testBase.BaseClass - ..click my account..
18:25:26.082 [main] INFO  testBase.BaseClass - ..click register..
18:25:26.086 [main] INFO  testBase.BaseClass - ..customer details..
18:25:28.173 [main] INFO  testBase.BaseClass - ..Click continue button**
18:25:28.174 [main] INFO  testBase.BaseClass - ..Validating message...
18:25:28.278 [main] INFO  testBase.BaseClass - ***test case TC001_AccRegistrationTest finished***
18:30:55.614 [main] INFO  testBase.BaseClass - ***test case TC001_AccRegistrationTest....started***
18:30:55.883 [main] INFO  testBase.BaseClass - ..click my account..
18:30:57.019 [main] INFO  testBase.BaseClass - ..click register..
18:30:57.035 [main] INFO  testBase.BaseClass - ..customer details..
18:30:59.244 [main] INFO  testBase.BaseClass - ..Click continue button**
18:30:59.245 [main] INFO  testBase.BaseClass - ..Validating message...
18:30:59.355 [main] INFO  testBase.BaseClass - ***test case TC001_AccRegistrationTest finished***
11:04:46.069 [main] INFO  testBase.BaseClass - ***test case TC001_AccRegistrationTest....started***
11:04:46.187 [main] INFO  testBase.BaseClass - ..click my account..
11:04:47.144 [main] INFO  testBase.BaseClass - ..click register..
11:04:47.151 [main] INFO  testBase.BaseClass - ..Filling customer details..
11:04:48.229 [main] INFO  testBase.BaseClass - ..Click continue button**
11:04:48.229 [main] INFO  testBase.BaseClass - ..Validating message...
11:04:48.276 [main] INFO  testBase.BaseClass - ***test case TC001_AccRegistrationTest finished***
11:06:36.595 [main] INFO  testBase.BaseClass - ***test case TC001_AccRegistrationTest....started***
11:06:36.691 [main] INFO  testBase.BaseClass - ..click my account..
11:06:37.470 [main] INFO  testBase.BaseClass - ..click register..
11:06:37.472 [main] INFO  testBase.BaseClass - ..Filling customer details..
11:06:39.021 [main] INFO  testBase.BaseClass - ..Click continue button**
11:06:39.021 [main] INFO  testBase.BaseClass - ..Validating message...
11:06:39.058 [main] DEBUG testBase.BaseClass - debug logs...
11:06:39.058 [main] ERROR testBase.BaseClass - error logs...
11:07:19.318 [main] INFO  testBase.BaseClass - ***test case TC001_AccRegistrationTest....started***
11:07:19.430 [main] INFO  testBase.BaseClass - ..click my account..
11:07:20.119 [main] INFO  testBase.BaseClass - ..click register..
11:07:20.121 [main] INFO  testBase.BaseClass - ..Filling customer details..
11:07:21.191 [main] INFO  testBase.BaseClass - ..Click continue button**
11:07:21.192 [main] INFO  testBase.BaseClass - ..Validating message...
11:07:21.229 [main] INFO  testBase.BaseClass - ***test case TC001_AccRegistrationTest finished***
